<?xml version="1.0" encoding="UTF-8"?>
<!-- Generated by org.testng.reporters.JUnitXMLReporter -->
<testsuite ignored="0" hostname="sushils-Air" failures="1" tests="2" name="Test" time="34.773" errors="0" timestamp="14 Nov 2020 02:37:39 GMT">
  <testcase classname="cucumber.api.testng.AbstractTestNGCucumberTests" name="feature" time="15.793"/>
  <testcase classname="cucumber.api.testng.AbstractTestNGCucumberTests" name="feature" time="17.907">
    <failure type="cucumber.runtime.CucumberException" message="java.lang.AssertionError: expected [Used Audi A4 Under 10000 for Sale ACT | carsguide] but found [Audi A4 Under 10000 for Sale ACT | carsguide]">
      <![CDATA[cucumber.runtime.CucumberException: java.lang.AssertionError: expected [Used Audi A4 Under 10000 for Sale ACT | carsguide] but found [Audi A4 Under 10000 for Sale ACT | carsguide]
	at cucumber.api.testng.TestNGCucumberRunner.runCucumber(TestNGCucumberRunner.java:69)
	at cucumber.api.testng.AbstractTestNGCucumberTests.feature(AbstractTestNGCucumberTests.java:21)
Caused by: java.lang.AssertionError: expected [Used Audi A4 Under 10000 for Sale ACT | carsguide] but found [Audi A4 Under 10000 for Sale ACT | carsguide]
	at steps.SearchCarsSteps.the_page_title_should_be(SearchCarsSteps.java:85)
	at âœ½.And the page title should be "Used Audi A4 Under 10000 for Sale ACT | carsguide"(UsedCarsSearch.feature:22)
... Removed 31 stack frames]]>
    </failure>
  </testcase> <!-- feature -->
</testsuite> <!-- Test -->
